[debug] [2021-12-03T18:29:31.324Z] ----------------------------------------------------------------------
[debug] [2021-12-03T18:29:31.330Z] Command:       C:\Program Files\nodejs\node.exe C:\Users\IFFARUR RAHAT\AppData\Roaming\npm\node_modules\firebase-tools\lib\bin\firebase.js init
[debug] [2021-12-03T18:29:31.331Z] CLI Version:   9.23.0
[debug] [2021-12-03T18:29:31.331Z] Platform:      win32
[debug] [2021-12-03T18:29:31.331Z] Node Version:  v14.18.0
[debug] [2021-12-03T18:29:31.333Z] Time:          Sat Dec 04 2021 00:29:31 GMT+0600 (Bangladesh Standard Time)
[debug] [2021-12-03T18:29:31.333Z] ----------------------------------------------------------------------
[debug] 
[debug] [2021-12-03T18:29:31.434Z] > command requires scopes: ["email","openid","https://www.googleapis.com/auth/cloudplatformprojects.readonly","https://www.googleapis.com/auth/firebase","https://www.googleapis.com/auth/cloud-platform"]
[debug] [2021-12-03T18:29:31.434Z] > authorizing via signed-in user (iffarurrahat1720@gmail.com)
[info] 
     ######## #### ########  ######## ########     ###     ######  ########
     ##        ##  ##     ## ##       ##     ##  ##   ##  ##       ##
     ######    ##  ########  ######   ########  #########  ######  ######
     ##        ##  ##    ##  ##       ##     ## ##     ##       ## ##
     ##       #### ##     ## ######## ########  ##     ##  ######  ########

You're about to initialize a Firebase project in this directory:

  D:\scic\portfolio

Before we get started, keep in mind:

  * You are initializing within an existing Firebase project directory

[info] 
=== Project Setup
[info] 
[info] First, let's associate this project directory with a Firebase project.
[info] You can create multiple project aliases by running firebase use --add, 
[info] but for now we'll just set up a default project.
[info] 
[info] i  .firebaserc already has a default project, using rashidul-karim. 
[debug] [2021-12-03T18:29:53.158Z] >>> [apiv2][query] GET https://firebase.googleapis.com/v1beta1/projects/rashidul-karim [none]
[debug] [2021-12-03T18:29:54.079Z] <<< [apiv2][status] GET https://firebase.googleapis.com/v1beta1/projects/rashidul-karim 403
[debug] [2021-12-03T18:29:54.079Z] <<< [apiv2][body] GET https://firebase.googleapis.com/v1beta1/projects/rashidul-karim {"error":{"code":403,"message":"The caller does not have permission","status":"PERMISSION_DENIED"}}
[debug] [2021-12-03T18:29:54.080Z] HTTP Error: 403, The caller does not have permission
[debug] [2021-12-03T18:29:54.311Z] FirebaseError: HTTP Error: 403, The caller does not have permission
    at module.exports (C:\Users\IFFARUR RAHAT\AppData\Roaming\npm\node_modules\firebase-tools\lib\responseToError.js:38:12)
    at Client.doRequest (C:\Users\IFFARUR RAHAT\AppData\Roaming\npm\node_modules\firebase-tools\lib\apiv2.js:241:23)
    at processTicksAndRejections (internal/process/task_queues.js:95:5)
    at async Client.request (C:\Users\IFFARUR RAHAT\AppData\Roaming\npm\node_modules\firebase-tools\lib\apiv2.js:96:20)
    at async Object.getFirebaseProject (C:\Users\IFFARUR RAHAT\AppData\Roaming\npm\node_modules\firebase-tools\lib\management\projects.js:290:21)
    at async Object.doSetup [as project] (C:\Users\IFFARUR RAHAT\AppData\Roaming\npm\node_modules\firebase-tools\lib\init\features\project.js:77:27)
    at async init (C:\Users\IFFARUR RAHAT\AppData\Roaming\npm\node_modules\firebase-tools\lib\init\index.js:19:9)
[error] 
[error] Error: Failed to get Firebase project rashidul-karim. Please make sure the project exists and your account has permission to access it.
